03:01:47 **** Incremental Build of configuration Debug for project EnumProject ****
make all 
Building file: ../src/Test1.c
Invoking: GCC C Compiler
gcc -O0 -g3 -Wall -c -fmessage-length=0 -MMD -MP -MF"src/Test1.d" -MT"src/Test1.d" -o "src/Test1.o" "../src/Test1.c"
Finished building: ../src/Test1.c
 
Building file: ../src/Test2.c
Invoking: GCC C Compiler
gcc -O0 -g3 -Wall -c -fmessage-length=0 -MMD -MP -MF"src/Test2.d" -MT"src/Test2.d" -o "src/Test2.o" "../src/Test2.c"
Finished building: ../src/Test2.c
 
Building target: EnumProject
Invoking: GCC C Linker
gcc  -o "EnumProject"  ./src/Test1.o ./src/Test2.o   
Finished building target: EnumProject
 
03:01:54 **** Incremental Build of configuration Debug for project EnumProject ****
make all 
make: Nothing to be done for 'all'.
03:02:57 **** Incremental Build of configuration Debug for project EnumProject ****
make all 
Building file: ../src/Test2.c
Invoking: GCC C Compiler
gcc -O0 -g3 -Wall -c -fmessage-length=0 -MMD -MP -MF"src/Test2.d" -MT"src/Test2.d" -o "src/Test2.o" "../src/Test2.c"
Finished building: ../src/Test2.c
 
Building target: EnumProject
Invoking: GCC C Linker
gcc  -o "EnumProject"  ./src/Test1.o ./src/Test2.o   
Finished building target: EnumProject
 
